2021-03-20T16:36:44+00:00 CRITICAL Uncaught Error: Call to undefined function style() in C:\wamp64\www\hemp-selection\wp-content\themes\storefront-child\functions.php:8
Stack trace:
#0 C:\wamp64\www\hemp-selection\wp-includes\class-wp-hook.php(292): theme_enqueue_styles('')
#1 C:\wamp64\www\hemp-selection\wp-includes\class-wp-hook.php(316): WP_Hook->apply_filters(NULL, Array)
#2 C:\wamp64\www\hemp-selection\wp-includes\plugin.php(484): WP_Hook->do_action(Array)
#3 C:\wamp64\www\hemp-selection\wp-includes\script-loader.php(2027): do_action('wp_enqueue_scri...')
#4 C:\wamp64\www\hemp-selection\wp-includes\class-wp-hook.php(292): wp_enqueue_scripts('')
#5 C:\wamp64\www\hemp-selection\wp-includes\class-wp-hook.php(316): WP_Hook->apply_filters(NULL, Array)
#6 C:\wamp64\www\hemp-selection\wp-includes\plugin.php(484): WP_Hook->do_action(Array)
#7 C:\wamp64\www\hemp-selection\wp-includes\general-template.php(3009): do_action('wp_head')
#8 C:\wamp64\www\hemp-selection\wp-content\themes\storefront\header.php(18): wp_head()
#9 C:\wamp64\www\hemp-selectio dans C:\wamp64\www\hemp-selection\wp-content\themes\storefront-child\functions.php à la ligne 8

2021-03-20T16:36:44+00:00 CRITICAL Uncaught Error: Call to undefined function style() in C:\wamp64\www\hemp-selection\wp-content\themes\storefront-child\functions.php:8
Stack trace:
#0 C:\wamp64\www\hemp-selection\wp-includes\class-wp-hook.php(292): theme_enqueue_styles('')
#1 C:\wamp64\www\hemp-selection\wp-includes\class-wp-hook.php(316): WP_Hook->apply_filters(NULL, Array)
#2 C:\wamp64\www\hemp-selection\wp-includes\plugin.php(484): WP_Hook->do_action(Array)
#3 C:\wamp64\www\hemp-selection\wp-includes\script-loader.php(2027): do_action('wp_enqueue_scri...')
#4 C:\wamp64\www\hemp-selection\wp-includes\class-wp-hook.php(292): wp_enqueue_scripts('')
#5 C:\wamp64\www\hemp-selection\wp-includes\class-wp-hook.php(316): WP_Hook->apply_filters(NULL, Array)
#6 C:\wamp64\www\hemp-selection\wp-includes\plugin.php(484): WP_Hook->do_action(Array)
#7 C:\wamp64\www\hemp-selection\wp-includes\general-template.php(3009): do_action('wp_head')
#8 C:\wamp64\www\hemp-selection\wp-content\themes\storefront\header.php(18): wp_head()
#9 C:\wamp64\www\hemp-selectio dans C:\wamp64\www\hemp-selection\wp-content\themes\storefront-child\functions.php à la ligne 8

